[debug] [2025-06-19T21:30:32.936Z] ----------------------------------------------------------------------
[debug] [2025-06-19T21:30:32.938Z] Command:       C:\Program Files\nodejs\node.exe C:\Users\jose_\AppData\Roaming\npm\node_modules\firebase-tools\lib\bin\firebase.js deploy
[debug] [2025-06-19T21:30:32.939Z] CLI Version:   14.7.0
[debug] [2025-06-19T21:30:32.939Z] Platform:      win32
[debug] [2025-06-19T21:30:32.939Z] Node Version:  v22.15.0
[debug] [2025-06-19T21:30:32.939Z] Time:          Thu Jun 19 2025 18:30:32 GMT-0300 (Horário Padrão de Brasília)
[debug] [2025-06-19T21:30:32.939Z] ----------------------------------------------------------------------
[debug] 
[debug] [2025-06-19T21:30:33.084Z] > command requires scopes: ["email","openid","https://www.googleapis.com/auth/cloudplatformprojects.readonly","https://www.googleapis.com/auth/firebase","https://www.googleapis.com/auth/cloud-platform"]
[debug] [2025-06-19T21:30:33.084Z] > authorizing via signed-in user (josemoura212@gmail.com)
[debug] [2025-06-19T21:30:33.084Z] [iam] checking project broadcast-9f796 for permissions ["firebase.projects.get",null]
[debug] [2025-06-19T21:30:33.085Z] Checked if tokens are valid: true, expires at: 1750372012576
[debug] [2025-06-19T21:30:33.085Z] Checked if tokens are valid: true, expires at: 1750372012576
[debug] [2025-06-19T21:30:33.086Z] >>> [apiv2][query] POST https://cloudresourcemanager.googleapis.com/v1/projects/broadcast-9f796:testIamPermissions [none]
[debug] [2025-06-19T21:30:33.086Z] >>> [apiv2][(partial)header] POST https://cloudresourcemanager.googleapis.com/v1/projects/broadcast-9f796:testIamPermissions x-goog-quota-user=projects/broadcast-9f796
[debug] [2025-06-19T21:30:33.086Z] >>> [apiv2][body] POST https://cloudresourcemanager.googleapis.com/v1/projects/broadcast-9f796:testIamPermissions {"permissions":["firebase.projects.get",null]}
[debug] [2025-06-19T21:30:33.980Z] <<< [apiv2][status] POST https://cloudresourcemanager.googleapis.com/v1/projects/broadcast-9f796:testIamPermissions 200
[debug] [2025-06-19T21:30:33.980Z] <<< [apiv2][body] POST https://cloudresourcemanager.googleapis.com/v1/projects/broadcast-9f796:testIamPermissions {"permissions":["firebase.projects.get"]}
[debug] [2025-06-19T21:30:33.980Z] [iam] error while checking permissions, command may fail: Authorization failed. This account is missing the following required permissions on project broadcast-9f796:

  
[info] 
[info] === Deploying to 'broadcast-9f796'...
[info] 
[info] i  deploying apphosting 
[debug] [2025-06-19T21:30:33.982Z] Checked if tokens are valid: true, expires at: 1750372012576
[debug] [2025-06-19T21:30:33.982Z] Checked if tokens are valid: true, expires at: 1750372012576
[debug] [2025-06-19T21:30:33.982Z] >>> [apiv2][query] GET https://serviceusage.googleapis.com/v1/projects/broadcast-9f796/services/firebaseapphosting.googleapis.com [none]
[debug] [2025-06-19T21:30:33.982Z] >>> [apiv2][(partial)header] GET https://serviceusage.googleapis.com/v1/projects/broadcast-9f796/services/firebaseapphosting.googleapis.com x-goog-quota-user=projects/broadcast-9f796
[debug] [2025-06-19T21:30:35.046Z] <<< [apiv2][status] GET https://serviceusage.googleapis.com/v1/projects/broadcast-9f796/services/firebaseapphosting.googleapis.com 200
[debug] [2025-06-19T21:30:35.046Z] <<< [apiv2][body] GET https://serviceusage.googleapis.com/v1/projects/broadcast-9f796/services/firebaseapphosting.googleapis.com [omitted]
[debug] [2025-06-19T21:30:35.046Z] Checked if tokens are valid: true, expires at: 1750372012576
[debug] [2025-06-19T21:30:35.046Z] Checked if tokens are valid: true, expires at: 1750372012576
[debug] [2025-06-19T21:30:35.046Z] Checked if tokens are valid: true, expires at: 1750372012576
[debug] [2025-06-19T21:30:35.046Z] Checked if tokens are valid: true, expires at: 1750372012576
[debug] [2025-06-19T21:30:35.046Z] Checked if tokens are valid: true, expires at: 1750372012576
[debug] [2025-06-19T21:30:35.046Z] Checked if tokens are valid: true, expires at: 1750372012576
[debug] [2025-06-19T21:30:35.046Z] Checked if tokens are valid: true, expires at: 1750372012576
[debug] [2025-06-19T21:30:35.046Z] Checked if tokens are valid: true, expires at: 1750372012576
[debug] [2025-06-19T21:30:35.046Z] Checked if tokens are valid: true, expires at: 1750372012576
[debug] [2025-06-19T21:30:35.046Z] Checked if tokens are valid: true, expires at: 1750372012576
[debug] [2025-06-19T21:30:35.046Z] Checked if tokens are valid: true, expires at: 1750372012576
[debug] [2025-06-19T21:30:35.046Z] Checked if tokens are valid: true, expires at: 1750372012576
[debug] [2025-06-19T21:30:35.047Z] >>> [apiv2][query] GET https://serviceusage.googleapis.com/v1/projects/broadcast-9f796/services/developerconnect.googleapis.com [none]
[debug] [2025-06-19T21:30:35.047Z] >>> [apiv2][(partial)header] GET https://serviceusage.googleapis.com/v1/projects/broadcast-9f796/services/developerconnect.googleapis.com x-goog-quota-user=projects/broadcast-9f796
[debug] [2025-06-19T21:30:35.047Z] >>> [apiv2][query] GET https://serviceusage.googleapis.com/v1/projects/broadcast-9f796/services/cloudbuild.googleapis.com [none]
[debug] [2025-06-19T21:30:35.047Z] >>> [apiv2][(partial)header] GET https://serviceusage.googleapis.com/v1/projects/broadcast-9f796/services/cloudbuild.googleapis.com x-goog-quota-user=projects/broadcast-9f796
[debug] [2025-06-19T21:30:35.048Z] >>> [apiv2][query] GET https://serviceusage.googleapis.com/v1/projects/broadcast-9f796/services/secretmanager.googleapis.com [none]
[debug] [2025-06-19T21:30:35.048Z] >>> [apiv2][(partial)header] GET https://serviceusage.googleapis.com/v1/projects/broadcast-9f796/services/secretmanager.googleapis.com x-goog-quota-user=projects/broadcast-9f796
[debug] [2025-06-19T21:30:35.049Z] >>> [apiv2][query] GET https://serviceusage.googleapis.com/v1/projects/broadcast-9f796/services/run.googleapis.com [none]
[debug] [2025-06-19T21:30:35.050Z] >>> [apiv2][(partial)header] GET https://serviceusage.googleapis.com/v1/projects/broadcast-9f796/services/run.googleapis.com x-goog-quota-user=projects/broadcast-9f796
[debug] [2025-06-19T21:30:35.050Z] >>> [apiv2][query] GET https://serviceusage.googleapis.com/v1/projects/broadcast-9f796/services/artifactregistry.googleapis.com [none]
[debug] [2025-06-19T21:30:35.051Z] >>> [apiv2][(partial)header] GET https://serviceusage.googleapis.com/v1/projects/broadcast-9f796/services/artifactregistry.googleapis.com x-goog-quota-user=projects/broadcast-9f796
[debug] [2025-06-19T21:30:35.052Z] >>> [apiv2][query] GET https://serviceusage.googleapis.com/v1/projects/broadcast-9f796/services/iam.googleapis.com [none]
[debug] [2025-06-19T21:30:35.052Z] >>> [apiv2][(partial)header] GET https://serviceusage.googleapis.com/v1/projects/broadcast-9f796/services/iam.googleapis.com x-goog-quota-user=projects/broadcast-9f796
[debug] [2025-06-19T21:30:36.266Z] <<< [apiv2][status] GET https://serviceusage.googleapis.com/v1/projects/broadcast-9f796/services/developerconnect.googleapis.com 200
[debug] [2025-06-19T21:30:36.266Z] <<< [apiv2][body] GET https://serviceusage.googleapis.com/v1/projects/broadcast-9f796/services/developerconnect.googleapis.com [omitted]
[debug] [2025-06-19T21:30:36.274Z] <<< [apiv2][status] GET https://serviceusage.googleapis.com/v1/projects/broadcast-9f796/services/run.googleapis.com 200
[debug] [2025-06-19T21:30:36.274Z] <<< [apiv2][body] GET https://serviceusage.googleapis.com/v1/projects/broadcast-9f796/services/run.googleapis.com [omitted]
[debug] [2025-06-19T21:30:36.274Z] <<< [apiv2][status] GET https://serviceusage.googleapis.com/v1/projects/broadcast-9f796/services/cloudbuild.googleapis.com 200
[debug] [2025-06-19T21:30:36.274Z] <<< [apiv2][body] GET https://serviceusage.googleapis.com/v1/projects/broadcast-9f796/services/cloudbuild.googleapis.com [omitted]
[debug] [2025-06-19T21:30:36.278Z] <<< [apiv2][status] GET https://serviceusage.googleapis.com/v1/projects/broadcast-9f796/services/iam.googleapis.com 200
[debug] [2025-06-19T21:30:36.278Z] <<< [apiv2][body] GET https://serviceusage.googleapis.com/v1/projects/broadcast-9f796/services/iam.googleapis.com [omitted]
[debug] [2025-06-19T21:30:36.278Z] <<< [apiv2][status] GET https://serviceusage.googleapis.com/v1/projects/broadcast-9f796/services/secretmanager.googleapis.com 200
[debug] [2025-06-19T21:30:36.278Z] <<< [apiv2][body] GET https://serviceusage.googleapis.com/v1/projects/broadcast-9f796/services/secretmanager.googleapis.com [omitted]
[debug] [2025-06-19T21:30:36.278Z] <<< [apiv2][status] GET https://serviceusage.googleapis.com/v1/projects/broadcast-9f796/services/artifactregistry.googleapis.com 200
[debug] [2025-06-19T21:30:36.279Z] <<< [apiv2][body] GET https://serviceusage.googleapis.com/v1/projects/broadcast-9f796/services/artifactregistry.googleapis.com [omitted]
[debug] [2025-06-19T21:30:36.279Z] Checked if tokens are valid: true, expires at: 1750372012576
[debug] [2025-06-19T21:30:36.279Z] Checked if tokens are valid: true, expires at: 1750372012576
[debug] [2025-06-19T21:30:36.279Z] >>> [apiv2][query] POST https://iam.googleapis.com/v1/projects/broadcast-9f796/serviceAccounts/firebase-app-hosting-compute@broadcast-9f796.iam.gserviceaccount.com:testIamPermissions [none]
[debug] [2025-06-19T21:30:36.279Z] >>> [apiv2][(partial)header] POST https://iam.googleapis.com/v1/projects/broadcast-9f796/serviceAccounts/firebase-app-hosting-compute@broadcast-9f796.iam.gserviceaccount.com:testIamPermissions x-goog-quota-user=projects/broadcast-9f796
[debug] [2025-06-19T21:30:36.279Z] >>> [apiv2][body] POST https://iam.googleapis.com/v1/projects/broadcast-9f796/serviceAccounts/firebase-app-hosting-compute@broadcast-9f796.iam.gserviceaccount.com:testIamPermissions {"permissions":["iam.serviceAccounts.actAs"]}
[debug] [2025-06-19T21:30:37.137Z] <<< [apiv2][status] POST https://iam.googleapis.com/v1/projects/broadcast-9f796/serviceAccounts/firebase-app-hosting-compute@broadcast-9f796.iam.gserviceaccount.com:testIamPermissions 200
[debug] [2025-06-19T21:30:37.137Z] <<< [apiv2][body] POST https://iam.googleapis.com/v1/projects/broadcast-9f796/serviceAccounts/firebase-app-hosting-compute@broadcast-9f796.iam.gserviceaccount.com:testIamPermissions {"permissions":["iam.serviceAccounts.actAs"]}
[debug] [2025-06-19T21:30:37.137Z] Checked if tokens are valid: true, expires at: 1750372012576
[debug] [2025-06-19T21:30:37.137Z] Checked if tokens are valid: true, expires at: 1750372012576
[debug] [2025-06-19T21:30:37.137Z] >>> [apiv2][query] POST https://cloudresourcemanager.googleapis.com/v1/projects/broadcast-9f796:getIamPolicy [none]
[debug] [2025-06-19T21:30:37.430Z] <<< [apiv2][status] POST https://cloudresourcemanager.googleapis.com/v1/projects/broadcast-9f796:getIamPolicy 200
[debug] [2025-06-19T21:30:37.430Z] <<< [apiv2][body] POST https://cloudresourcemanager.googleapis.com/v1/projects/broadcast-9f796:getIamPolicy {"version":1,"etag":"BwY383M/OIs=","bindings":[{"role":"roles/cloudbuild.builds.builder","members":["serviceAccount:971509235895@cloudbuild.gserviceaccount.com"]},{"role":"roles/cloudbuild.serviceAgent","members":["serviceAccount:service-971509235895@gcp-sa-cloudbuild.iam.gserviceaccount.com"]},{"role":"roles/containerregistry.ServiceAgent","members":["serviceAccount:service-971509235895@containerregistry.iam.gserviceaccount.com"]},{"role":"roles/developerconnect.readTokenAccessor","members":["serviceAccount:firebase-app-hosting-compute@broadcast-9f796.iam.gserviceaccount.com"]},{"role":"roles/editor","members":["serviceAccount:971509235895-compute@developer.gserviceaccount.com"]},{"role":"roles/firebase.managementServiceAgent","members":["serviceAccount:service-971509235895@gcp-sa-firebase.iam.gserviceaccount.com"]},{"role":"roles/firebase.sdkAdminServiceAgent","members":["serviceAccount:firebase-adminsdk-fbsvc@broadcast-9f796.iam.gserviceaccount.com","serviceAccount:firebase-app-hosting-compute@broadcast-9f796.iam.gserviceaccount.com"]},{"role":"roles/firebaseapphosting.computeRunner","members":["serviceAccount:firebase-app-hosting-compute@broadcast-9f796.iam.gserviceaccount.com"]},{"role":"roles/firebaseapphosting.serviceAgent","members":["serviceAccount:service-971509235895@gcp-sa-firebaseapphosting.iam.gserviceaccount.com"]},{"role":"roles/iam.serviceAccountTokenCreator","members":["serviceAccount:firebase-adminsdk-fbsvc@broadcast-9f796.iam.gserviceaccount.com"]},{"role":"roles/owner","members":["user:josemoura212@gmail.com"]},{"role":"roles/run.serviceAgent","members":["serviceAccount:service-971509235895@serverless-robot-prod.iam.gserviceaccount.com"]},{"role":"roles/storage.objectViewer","members":["serviceAccount:firebase-app-hosting-compute@broadcast-9f796.iam.gserviceaccount.com"]}]}
[debug] [2025-06-19T21:30:37.430Z] Checked if tokens are valid: true, expires at: 1750372012576
[debug] [2025-06-19T21:30:37.430Z] Checked if tokens are valid: true, expires at: 1750372012576
[debug] [2025-06-19T21:30:37.430Z] >>> [apiv2][query] GET https://firebaseapphosting.googleapis.com/v1beta/projects/broadcast-9f796/locations/-/backends 
[debug] [2025-06-19T21:30:38.608Z] <<< [apiv2][status] GET https://firebaseapphosting.googleapis.com/v1beta/projects/broadcast-9f796/locations/-/backends 200
[debug] [2025-06-19T21:30:38.609Z] <<< [apiv2][body] GET https://firebaseapphosting.googleapis.com/v1beta/projects/broadcast-9f796/locations/-/backends {"backends":[{"name":"projects/broadcast-9f796/locations/us-central1/backends/broadcast","createTime":"2025-06-19T21:30:10.677670069Z","updateTime":"2025-06-19T21:30:10.929846Z","labels":{"deployment-tool":"cli-firebase"},"uri":"broadcast--broadcast-9f796.us-central1.hosted.app","uid":"49995278-d8e7-40cb-8639-456c28adc4e6","etag":"q1myfx91nb8Jt-jBn_raY0_VDOehk-HTbkw1Ba8aeFE","reconciling":false,"servingLocality":"GLOBAL_ACCESS","serviceAccount":"firebase-app-hosting-compute@broadcast-9f796.iam.gserviceaccount.com","appId":"1:971509235895:web:9b056b3482fc68b7de4d32"}]}
[info] i  apphosting: Found backend(s) broadcast 
[debug] [2025-06-19T21:30:38.609Z] Checked if tokens are valid: true, expires at: 1750372012576
[debug] [2025-06-19T21:30:38.609Z] Checked if tokens are valid: true, expires at: 1750372012576
[debug] [2025-06-19T21:30:38.610Z] >>> [apiv2][query] GET https://serviceusage.googleapis.com/v1/projects/broadcast-9f796/services/cloudresourcemanager.googleapis.com [none]
[debug] [2025-06-19T21:30:38.610Z] >>> [apiv2][(partial)header] GET https://serviceusage.googleapis.com/v1/projects/broadcast-9f796/services/cloudresourcemanager.googleapis.com x-goog-quota-user=projects/broadcast-9f796
[debug] [2025-06-19T21:30:39.617Z] <<< [apiv2][status] GET https://serviceusage.googleapis.com/v1/projects/broadcast-9f796/services/cloudresourcemanager.googleapis.com 200
[debug] [2025-06-19T21:30:39.617Z] <<< [apiv2][body] GET https://serviceusage.googleapis.com/v1/projects/broadcast-9f796/services/cloudresourcemanager.googleapis.com [omitted]
[debug] [2025-06-19T21:30:39.617Z] Checked if tokens are valid: true, expires at: 1750372012576
[debug] [2025-06-19T21:30:39.617Z] Checked if tokens are valid: true, expires at: 1750372012576
[debug] [2025-06-19T21:30:39.617Z] >>> [apiv2][query] GET https://cloudresourcemanager.googleapis.com/v1/projects/broadcast-9f796 [none]
[debug] [2025-06-19T21:30:39.841Z] <<< [apiv2][status] GET https://cloudresourcemanager.googleapis.com/v1/projects/broadcast-9f796 200
[debug] [2025-06-19T21:30:39.841Z] <<< [apiv2][body] GET https://cloudresourcemanager.googleapis.com/v1/projects/broadcast-9f796 {"projectNumber":"971509235895","projectId":"broadcast-9f796","lifecycleState":"ACTIVE","name":"BroadCast","labels":{"firebase":"enabled","firebase-core":"disabled"},"createTime":"2025-06-19T21:02:03.204791Z"}
[debug] [2025-06-19T21:30:39.841Z] Checked if tokens are valid: true, expires at: 1750372012576
[debug] [2025-06-19T21:30:39.841Z] Checked if tokens are valid: true, expires at: 1750372012576
[debug] [2025-06-19T21:30:39.841Z] >>> [apiv2][query] GET https://storage.googleapis.com/storage/v1/b/firebaseapphosting-sources-971509235895-us-central1 [none]
[debug] [2025-06-19T21:30:40.328Z] <<< [apiv2][status] GET https://storage.googleapis.com/storage/v1/b/firebaseapphosting-sources-971509235895-us-central1 404
[debug] [2025-06-19T21:30:40.329Z] <<< [apiv2][body] GET https://storage.googleapis.com/storage/v1/b/firebaseapphosting-sources-971509235895-us-central1 {"error":{"code":404,"message":"The specified bucket does not exist.","errors":[{"message":"The specified bucket does not exist.","domain":"global","reason":"notFound"}]}}
[debug] Request to https://storage.googleapis.com/storage/v1/b/firebaseapphosting-sources-971509235895-us-central1 had HTTP Error: 404, The specified bucket does not exist.
[info] i  apphosting: Creating Cloud Storage bucket in us-central1 to store App Hosting source code uploads at firebaseapphosting-sources-971509235895-us-central1... 
[debug] [2025-06-19T21:30:40.330Z] Checked if tokens are valid: true, expires at: 1750372012576
[debug] [2025-06-19T21:30:40.330Z] Checked if tokens are valid: true, expires at: 1750372012576
[debug] [2025-06-19T21:30:40.330Z] >>> [apiv2][query] POST https://storage.googleapis.com/storage/v1/b project=broadcast-9f796
[debug] [2025-06-19T21:30:40.330Z] >>> [apiv2][body] POST https://storage.googleapis.com/storage/v1/b {"name":"firebaseapphosting-sources-971509235895-us-central1","location":"us-central1","lifecycle":{"rule":[{"action":{"type":"Delete"},"condition":{"age":30}}]}}
[debug] [2025-06-19T21:30:41.255Z] <<< [apiv2][status] POST https://storage.googleapis.com/storage/v1/b 200
[debug] [2025-06-19T21:30:41.255Z] <<< [apiv2][body] POST https://storage.googleapis.com/storage/v1/b {"kind":"storage#bucket","selfLink":"https://www.googleapis.com/storage/v1/b/firebaseapphosting-sources-971509235895-us-central1","id":"firebaseapphosting-sources-971509235895-us-central1","name":"firebaseapphosting-sources-971509235895-us-central1","projectNumber":"971509235895","generation":"1750368641434349278","metageneration":"1","location":"US-CENTRAL1","storageClass":"STANDARD","etag":"CAE=","timeCreated":"2025-06-19T21:30:41.508Z","updated":"2025-06-19T21:30:41.508Z","lifecycle":{"rule":[{"action":{"type":"Delete"},"condition":{"age":30}}]},"softDeletePolicy":{"retentionDurationSeconds":"604800","effectiveTime":"2025-06-19T21:30:41.508Z"},"iamConfiguration":{"bucketPolicyOnly":{"enabled":false},"uniformBucketLevelAccess":{"enabled":false},"publicAccessPrevention":"inherited"},"locationType":"region","satisfiesPZI":true}
[info] i  apphosting: Uploading source code at C:\Users\jose_\Desktop\Projetos\José Augusto\Cursos\broadcast for backend broadcast... 
[debug] [2025-06-19T21:30:41.305Z] Checked if tokens are valid: true, expires at: 1750372012576
[debug] [2025-06-19T21:30:41.305Z] Checked if tokens are valid: true, expires at: 1750372012576
[debug] [2025-06-19T21:30:41.305Z] >>> [apiv2][query] PUT https://storage.googleapis.com/firebaseapphosting-sources-971509235895-us-central1/broadcast--27112-4Cwa87UyzH7Y-.zip [none]
[debug] [2025-06-19T21:30:41.305Z] >>> [apiv2][body] PUT https://storage.googleapis.com/firebaseapphosting-sources-971509235895-us-central1/broadcast--27112-4Cwa87UyzH7Y-.zip [stream]
[debug] [2025-06-19T21:30:42.235Z] <<< [apiv2][status] PUT https://storage.googleapis.com/firebaseapphosting-sources-971509235895-us-central1/broadcast--27112-4Cwa87UyzH7Y-.zip 200
[debug] [2025-06-19T21:30:42.236Z] <<< [apiv2][body] PUT https://storage.googleapis.com/firebaseapphosting-sources-971509235895-us-central1/broadcast--27112-4Cwa87UyzH7Y-.zip undefined
[info] i  apphosting: Source code uploaded at gs://firebaseapphosting-sources-971509235895-us-central1/broadcast--27112-4Cwa87UyzH7Y-.zip 
[debug] [2025-06-19T21:30:42.236Z] Checked if tokens are valid: true, expires at: 1750372012576
[debug] [2025-06-19T21:30:42.236Z] Checked if tokens are valid: true, expires at: 1750372012576
[debug] [2025-06-19T21:30:42.237Z] Checked if tokens are valid: true, expires at: 1750372012576
[debug] [2025-06-19T21:30:42.237Z] Checked if tokens are valid: true, expires at: 1750372012576
[info] i  apphosting: You may also track the rollout(s) at:
	https://console.firebase.google.com/project/broadcast-9f796/apphosting 
[debug] [2025-06-19T21:30:42.239Z] >>> [apiv2][query] GET https://firebaseapphosting.googleapis.com/v1beta/projects/broadcast-9f796/locations/us-central1/backends/broadcast/rollouts 
[debug] [2025-06-19T21:30:42.240Z] >>> [apiv2][query] GET https://firebaseapphosting.googleapis.com/v1beta/projects/broadcast-9f796/locations/us-central1/backends/broadcast/builds 
[debug] [2025-06-19T21:30:43.134Z] <<< [apiv2][status] GET https://firebaseapphosting.googleapis.com/v1beta/projects/broadcast-9f796/locations/us-central1/backends/broadcast/rollouts 200
[debug] [2025-06-19T21:30:43.134Z] <<< [apiv2][body] GET https://firebaseapphosting.googleapis.com/v1beta/projects/broadcast-9f796/locations/us-central1/backends/broadcast/rollouts {}
[debug] [2025-06-19T21:30:43.224Z] <<< [apiv2][status] GET https://firebaseapphosting.googleapis.com/v1beta/projects/broadcast-9f796/locations/us-central1/backends/broadcast/builds 200
[debug] [2025-06-19T21:30:43.224Z] <<< [apiv2][body] GET https://firebaseapphosting.googleapis.com/v1beta/projects/broadcast-9f796/locations/us-central1/backends/broadcast/builds {}
[debug] [2025-06-19T21:30:43.225Z] Checked if tokens are valid: true, expires at: 1750372012576
[debug] [2025-06-19T21:30:43.225Z] Checked if tokens are valid: true, expires at: 1750372012576
[debug] [2025-06-19T21:30:43.225Z] >>> [apiv2][query] POST https://firebaseapphosting.googleapis.com/v1beta/projects/broadcast-9f796/locations/us-central1/backends/broadcast/builds buildId=build-2025-06-19-001
[debug] [2025-06-19T21:30:43.225Z] >>> [apiv2][body] POST https://firebaseapphosting.googleapis.com/v1beta/projects/broadcast-9f796/locations/us-central1/backends/broadcast/builds {"source":{"archive":{"userStorageUri":"gs://firebaseapphosting-sources-971509235895-us-central1/broadcast--27112-4Cwa87UyzH7Y-.zip","rootDirectory":"/"}},"labels":{"deployment-tool":"cli-firebase"}}
[debug] [2025-06-19T21:30:43.485Z] <<< [apiv2][status] POST https://firebaseapphosting.googleapis.com/v1beta/projects/broadcast-9f796/locations/us-central1/backends/broadcast/builds 200
[debug] [2025-06-19T21:30:43.485Z] <<< [apiv2][body] POST https://firebaseapphosting.googleapis.com/v1beta/projects/broadcast-9f796/locations/us-central1/backends/broadcast/builds {"name":"projects/broadcast-9f796/locations/us-central1/operations/operation-1750368643718-637f3753c1cdf-272b5ebf-ce2f61b7","metadata":{"@type":"type.googleapis.com/google.firebase.apphosting.v1beta.OperationMetadata","createTime":"2025-06-19T21:30:43.755818837Z","target":"projects/broadcast-9f796/locations/us-central1/backends/broadcast/builds/build-2025-06-19-001","verb":"create","requestedCancellation":false,"apiVersion":"v1beta"},"done":false}
[debug] [2025-06-19T21:30:43.485Z] Checked if tokens are valid: true, expires at: 1750372012576
[debug] [2025-06-19T21:30:43.485Z] Checked if tokens are valid: true, expires at: 1750372012576
[debug] [2025-06-19T21:30:43.485Z] >>> [apiv2][query] POST https://firebaseapphosting.googleapis.com/v1beta/projects/broadcast-9f796/locations/us-central1/backends/broadcast/rollouts rolloutId=build-2025-06-19-001&validateOnly=true
[debug] [2025-06-19T21:30:43.485Z] >>> [apiv2][body] POST https://firebaseapphosting.googleapis.com/v1beta/projects/broadcast-9f796/locations/us-central1/backends/broadcast/rollouts {"build":"projects/broadcast-9f796/locations/us-central1/backends/broadcast/builds/build-2025-06-19-001","labels":{"deployment-tool":"cli-firebase"}}
[debug] [2025-06-19T21:30:43.703Z] <<< [apiv2][status] POST https://firebaseapphosting.googleapis.com/v1beta/projects/broadcast-9f796/locations/us-central1/backends/broadcast/rollouts 200
[debug] [2025-06-19T21:30:43.704Z] <<< [apiv2][body] POST https://firebaseapphosting.googleapis.com/v1beta/projects/broadcast-9f796/locations/us-central1/backends/broadcast/rollouts {}
[debug] [2025-06-19T21:30:43.704Z] Checked if tokens are valid: true, expires at: 1750372012576
[debug] [2025-06-19T21:30:43.704Z] Checked if tokens are valid: true, expires at: 1750372012576
[debug] [2025-06-19T21:30:43.704Z] >>> [apiv2][query] POST https://firebaseapphosting.googleapis.com/v1beta/projects/broadcast-9f796/locations/us-central1/backends/broadcast/rollouts rolloutId=build-2025-06-19-001&validateOnly=false
[debug] [2025-06-19T21:30:43.704Z] >>> [apiv2][body] POST https://firebaseapphosting.googleapis.com/v1beta/projects/broadcast-9f796/locations/us-central1/backends/broadcast/rollouts {"build":"projects/broadcast-9f796/locations/us-central1/backends/broadcast/builds/build-2025-06-19-001","labels":{"deployment-tool":"cli-firebase"}}
[debug] [2025-06-19T21:30:43.949Z] <<< [apiv2][status] POST https://firebaseapphosting.googleapis.com/v1beta/projects/broadcast-9f796/locations/us-central1/backends/broadcast/rollouts 200
[debug] [2025-06-19T21:30:43.949Z] <<< [apiv2][body] POST https://firebaseapphosting.googleapis.com/v1beta/projects/broadcast-9f796/locations/us-central1/backends/broadcast/rollouts {"name":"projects/broadcast-9f796/locations/us-central1/operations/operation-1750368644201-637f375437dfe-209e610a-60196e11","metadata":{"@type":"type.googleapis.com/google.firebase.apphosting.v1beta.OperationMetadata","createTime":"2025-06-19T21:30:44.219741708Z","target":"projects/broadcast-9f796/locations/us-central1/backends/broadcast/rollouts/build-2025-06-19-001","verb":"create","requestedCancellation":false,"apiVersion":"v1beta"},"done":false}
[debug] [2025-06-19T21:30:43.949Z] Checked if tokens are valid: true, expires at: 1750372012576
[debug] [2025-06-19T21:30:43.950Z] Checked if tokens are valid: true, expires at: 1750372012576
[debug] [2025-06-19T21:30:43.950Z] Checked if tokens are valid: true, expires at: 1750372012576
[debug] [2025-06-19T21:30:43.950Z] Checked if tokens are valid: true, expires at: 1750372012576
[debug] [2025-06-19T21:30:43.950Z] >>> [apiv2][query] GET https://firebaseapphosting.googleapis.com/v1beta/projects/broadcast-9f796/locations/us-central1/operations/operation-1750368644201-637f375437dfe-209e610a-60196e11 [none]
[debug] [2025-06-19T21:30:43.950Z] >>> [apiv2][query] GET https://firebaseapphosting.googleapis.com/v1beta/projects/broadcast-9f796/locations/us-central1/operations/operation-1750368643718-637f3753c1cdf-272b5ebf-ce2f61b7 [none]
[debug] [2025-06-19T21:30:44.136Z] <<< [apiv2][status] GET https://firebaseapphosting.googleapis.com/v1beta/projects/broadcast-9f796/locations/us-central1/operations/operation-1750368643718-637f3753c1cdf-272b5ebf-ce2f61b7 200
[debug] [2025-06-19T21:30:44.137Z] <<< [apiv2][body] GET https://firebaseapphosting.googleapis.com/v1beta/projects/broadcast-9f796/locations/us-central1/operations/operation-1750368643718-637f3753c1cdf-272b5ebf-ce2f61b7 {"name":"projects/broadcast-9f796/locations/us-central1/operations/operation-1750368643718-637f3753c1cdf-272b5ebf-ce2f61b7","metadata":{"@type":"type.googleapis.com/google.firebase.apphosting.v1beta.OperationMetadata","createTime":"2025-06-19T21:30:43.755818837Z","target":"projects/broadcast-9f796/locations/us-central1/backends/broadcast/builds/build-2025-06-19-001","verb":"create","requestedCancellation":false,"apiVersion":"v1beta"},"done":false}
[debug] [2025-06-19T21:30:44.139Z] <<< [apiv2][status] GET https://firebaseapphosting.googleapis.com/v1beta/projects/broadcast-9f796/locations/us-central1/operations/operation-1750368644201-637f375437dfe-209e610a-60196e11 200
[debug] [2025-06-19T21:30:44.139Z] <<< [apiv2][body] GET https://firebaseapphosting.googleapis.com/v1beta/projects/broadcast-9f796/locations/us-central1/operations/operation-1750368644201-637f375437dfe-209e610a-60196e11 {"name":"projects/broadcast-9f796/locations/us-central1/operations/operation-1750368644201-637f375437dfe-209e610a-60196e11","metadata":{"@type":"type.googleapis.com/google.firebase.apphosting.v1beta.OperationMetadata","createTime":"2025-06-19T21:30:44.219741708Z","endTime":"2025-06-19T21:30:44.253958326Z","target":"projects/broadcast-9f796/locations/us-central1/backends/broadcast/rollouts/build-2025-06-19-001","verb":"create","requestedCancellation":false,"apiVersion":"v1beta"},"done":true,"response":{"@type":"type.googleapis.com/google.firebase.apphosting.v1beta.Rollout","name":"projects/broadcast-9f796/locations/us-central1/backends/broadcast/rollouts/build-2025-06-19-001","createTime":"2025-06-19T21:30:44.214868618Z","updateTime":"2025-06-19T21:30:44.250364Z","state":"QUEUED","build":"projects/broadcast-9f796/locations/us-central1/backends/broadcast/builds/build-2025-06-19-001","labels":{"deployment-tool":"cli-firebase"},"uid":"c9d6168c-5878-497d-8572-72b8bd4ae404","etag":"GFRxF7SUEKWuEENxw0bWw_vnXBjmydw_EwD7OZikW6Q","reconciling":false}}
[debug] [2025-06-19T21:30:44.638Z] [create-broadcast-9f796-us-central1-backend-broadcast-build-build-2025-06-19-001] Retrying task index 0
[debug] [2025-06-19T21:30:44.638Z] Checked if tokens are valid: true, expires at: 1750372012576
[debug] [2025-06-19T21:30:44.638Z] Checked if tokens are valid: true, expires at: 1750372012576
[debug] [2025-06-19T21:30:44.639Z] >>> [apiv2][query] GET https://firebaseapphosting.googleapis.com/v1beta/projects/broadcast-9f796/locations/us-central1/operations/operation-1750368643718-637f3753c1cdf-272b5ebf-ce2f61b7 [none]
[debug] [2025-06-19T21:30:44.827Z] <<< [apiv2][status] GET https://firebaseapphosting.googleapis.com/v1beta/projects/broadcast-9f796/locations/us-central1/operations/operation-1750368643718-637f3753c1cdf-272b5ebf-ce2f61b7 200
[debug] [2025-06-19T21:30:44.827Z] <<< [apiv2][body] GET https://firebaseapphosting.googleapis.com/v1beta/projects/broadcast-9f796/locations/us-central1/operations/operation-1750368643718-637f3753c1cdf-272b5ebf-ce2f61b7 {"name":"projects/broadcast-9f796/locations/us-central1/operations/operation-1750368643718-637f3753c1cdf-272b5ebf-ce2f61b7","metadata":{"@type":"type.googleapis.com/google.firebase.apphosting.v1beta.OperationMetadata","createTime":"2025-06-19T21:30:43.755818837Z","target":"projects/broadcast-9f796/locations/us-central1/backends/broadcast/builds/build-2025-06-19-001","verb":"create","requestedCancellation":false,"apiVersion":"v1beta"},"done":false}
[debug] [2025-06-19T21:30:45.829Z] [create-broadcast-9f796-us-central1-backend-broadcast-build-build-2025-06-19-001] Retrying task index 0
[debug] [2025-06-19T21:30:45.830Z] Checked if tokens are valid: true, expires at: 1750372012576
[debug] [2025-06-19T21:30:45.830Z] Checked if tokens are valid: true, expires at: 1750372012576
[debug] [2025-06-19T21:30:45.830Z] >>> [apiv2][query] GET https://firebaseapphosting.googleapis.com/v1beta/projects/broadcast-9f796/locations/us-central1/operations/operation-1750368643718-637f3753c1cdf-272b5ebf-ce2f61b7 [none]
[debug] [2025-06-19T21:30:46.012Z] <<< [apiv2][status] GET https://firebaseapphosting.googleapis.com/v1beta/projects/broadcast-9f796/locations/us-central1/operations/operation-1750368643718-637f3753c1cdf-272b5ebf-ce2f61b7 200
[debug] [2025-06-19T21:30:46.013Z] <<< [apiv2][body] GET https://firebaseapphosting.googleapis.com/v1beta/projects/broadcast-9f796/locations/us-central1/operations/operation-1750368643718-637f3753c1cdf-272b5ebf-ce2f61b7 {"name":"projects/broadcast-9f796/locations/us-central1/operations/operation-1750368643718-637f3753c1cdf-272b5ebf-ce2f61b7","metadata":{"@type":"type.googleapis.com/google.firebase.apphosting.v1beta.OperationMetadata","createTime":"2025-06-19T21:30:43.755818837Z","target":"projects/broadcast-9f796/locations/us-central1/backends/broadcast/builds/build-2025-06-19-001","verb":"create","requestedCancellation":false,"apiVersion":"v1beta"},"done":false}
[debug] [2025-06-19T21:30:48.013Z] [create-broadcast-9f796-us-central1-backend-broadcast-build-build-2025-06-19-001] Retrying task index 0
[debug] [2025-06-19T21:30:48.014Z] Checked if tokens are valid: true, expires at: 1750372012576
[debug] [2025-06-19T21:30:48.014Z] Checked if tokens are valid: true, expires at: 1750372012576
[debug] [2025-06-19T21:30:48.014Z] >>> [apiv2][query] GET https://firebaseapphosting.googleapis.com/v1beta/projects/broadcast-9f796/locations/us-central1/operations/operation-1750368643718-637f3753c1cdf-272b5ebf-ce2f61b7 [none]
[debug] [2025-06-19T21:30:48.206Z] <<< [apiv2][status] GET https://firebaseapphosting.googleapis.com/v1beta/projects/broadcast-9f796/locations/us-central1/operations/operation-1750368643718-637f3753c1cdf-272b5ebf-ce2f61b7 200
[debug] [2025-06-19T21:30:48.206Z] <<< [apiv2][body] GET https://firebaseapphosting.googleapis.com/v1beta/projects/broadcast-9f796/locations/us-central1/operations/operation-1750368643718-637f3753c1cdf-272b5ebf-ce2f61b7 {"name":"projects/broadcast-9f796/locations/us-central1/operations/operation-1750368643718-637f3753c1cdf-272b5ebf-ce2f61b7","metadata":{"@type":"type.googleapis.com/google.firebase.apphosting.v1beta.OperationMetadata","createTime":"2025-06-19T21:30:43.755818837Z","target":"projects/broadcast-9f796/locations/us-central1/backends/broadcast/builds/build-2025-06-19-001","verb":"create","requestedCancellation":false,"apiVersion":"v1beta"},"done":false}
[debug] [2025-06-19T21:30:52.210Z] [create-broadcast-9f796-us-central1-backend-broadcast-build-build-2025-06-19-001] Retrying task index 0
[debug] [2025-06-19T21:30:52.210Z] Checked if tokens are valid: true, expires at: 1750372012576
[debug] [2025-06-19T21:30:52.210Z] Checked if tokens are valid: true, expires at: 1750372012576
[debug] [2025-06-19T21:30:52.210Z] >>> [apiv2][query] GET https://firebaseapphosting.googleapis.com/v1beta/projects/broadcast-9f796/locations/us-central1/operations/operation-1750368643718-637f3753c1cdf-272b5ebf-ce2f61b7 [none]
[debug] [2025-06-19T21:30:52.392Z] <<< [apiv2][status] GET https://firebaseapphosting.googleapis.com/v1beta/projects/broadcast-9f796/locations/us-central1/operations/operation-1750368643718-637f3753c1cdf-272b5ebf-ce2f61b7 200
[debug] [2025-06-19T21:30:52.392Z] <<< [apiv2][body] GET https://firebaseapphosting.googleapis.com/v1beta/projects/broadcast-9f796/locations/us-central1/operations/operation-1750368643718-637f3753c1cdf-272b5ebf-ce2f61b7 {"name":"projects/broadcast-9f796/locations/us-central1/operations/operation-1750368643718-637f3753c1cdf-272b5ebf-ce2f61b7","metadata":{"@type":"type.googleapis.com/google.firebase.apphosting.v1beta.OperationMetadata","createTime":"2025-06-19T21:30:43.755818837Z","target":"projects/broadcast-9f796/locations/us-central1/backends/broadcast/builds/build-2025-06-19-001","verb":"create","requestedCancellation":false,"apiVersion":"v1beta"},"done":false}
[debug] [2025-06-19T21:31:00.392Z] [create-broadcast-9f796-us-central1-backend-broadcast-build-build-2025-06-19-001] Retrying task index 0
[debug] [2025-06-19T21:31:00.392Z] Checked if tokens are valid: true, expires at: 1750372012576
[debug] [2025-06-19T21:31:00.392Z] Checked if tokens are valid: true, expires at: 1750372012576
[debug] [2025-06-19T21:31:00.392Z] >>> [apiv2][query] GET https://firebaseapphosting.googleapis.com/v1beta/projects/broadcast-9f796/locations/us-central1/operations/operation-1750368643718-637f3753c1cdf-272b5ebf-ce2f61b7 [none]
[debug] [2025-06-19T21:31:01.350Z] <<< [apiv2][status] GET https://firebaseapphosting.googleapis.com/v1beta/projects/broadcast-9f796/locations/us-central1/operations/operation-1750368643718-637f3753c1cdf-272b5ebf-ce2f61b7 200
[debug] [2025-06-19T21:31:01.350Z] <<< [apiv2][body] GET https://firebaseapphosting.googleapis.com/v1beta/projects/broadcast-9f796/locations/us-central1/operations/operation-1750368643718-637f3753c1cdf-272b5ebf-ce2f61b7 {"name":"projects/broadcast-9f796/locations/us-central1/operations/operation-1750368643718-637f3753c1cdf-272b5ebf-ce2f61b7","metadata":{"@type":"type.googleapis.com/google.firebase.apphosting.v1beta.OperationMetadata","createTime":"2025-06-19T21:30:43.755818837Z","target":"projects/broadcast-9f796/locations/us-central1/backends/broadcast/builds/build-2025-06-19-001","verb":"create","requestedCancellation":false,"apiVersion":"v1beta"},"done":false}
[debug] [2025-06-19T21:31:11.355Z] [create-broadcast-9f796-us-central1-backend-broadcast-build-build-2025-06-19-001] Retrying task index 0
[debug] [2025-06-19T21:31:11.356Z] Checked if tokens are valid: true, expires at: 1750372012576
[debug] [2025-06-19T21:31:11.356Z] Checked if tokens are valid: true, expires at: 1750372012576
[debug] [2025-06-19T21:31:11.356Z] >>> [apiv2][query] GET https://firebaseapphosting.googleapis.com/v1beta/projects/broadcast-9f796/locations/us-central1/operations/operation-1750368643718-637f3753c1cdf-272b5ebf-ce2f61b7 [none]
[debug] [2025-06-19T21:31:12.321Z] <<< [apiv2][status] GET https://firebaseapphosting.googleapis.com/v1beta/projects/broadcast-9f796/locations/us-central1/operations/operation-1750368643718-637f3753c1cdf-272b5ebf-ce2f61b7 200
[debug] [2025-06-19T21:31:12.322Z] <<< [apiv2][body] GET https://firebaseapphosting.googleapis.com/v1beta/projects/broadcast-9f796/locations/us-central1/operations/operation-1750368643718-637f3753c1cdf-272b5ebf-ce2f61b7 {"name":"projects/broadcast-9f796/locations/us-central1/operations/operation-1750368643718-637f3753c1cdf-272b5ebf-ce2f61b7","metadata":{"@type":"type.googleapis.com/google.firebase.apphosting.v1beta.OperationMetadata","createTime":"2025-06-19T21:30:43.755818837Z","target":"projects/broadcast-9f796/locations/us-central1/backends/broadcast/builds/build-2025-06-19-001","verb":"create","requestedCancellation":false,"apiVersion":"v1beta"},"done":false}
[debug] [2025-06-19T21:31:22.325Z] [create-broadcast-9f796-us-central1-backend-broadcast-build-build-2025-06-19-001] Retrying task index 0
[debug] [2025-06-19T21:31:22.325Z] Checked if tokens are valid: true, expires at: 1750372012576
[debug] [2025-06-19T21:31:22.325Z] Checked if tokens are valid: true, expires at: 1750372012576
[debug] [2025-06-19T21:31:22.326Z] >>> [apiv2][query] GET https://firebaseapphosting.googleapis.com/v1beta/projects/broadcast-9f796/locations/us-central1/operations/operation-1750368643718-637f3753c1cdf-272b5ebf-ce2f61b7 [none]
[debug] [2025-06-19T21:31:23.289Z] <<< [apiv2][status] GET https://firebaseapphosting.googleapis.com/v1beta/projects/broadcast-9f796/locations/us-central1/operations/operation-1750368643718-637f3753c1cdf-272b5ebf-ce2f61b7 200
[debug] [2025-06-19T21:31:23.290Z] <<< [apiv2][body] GET https://firebaseapphosting.googleapis.com/v1beta/projects/broadcast-9f796/locations/us-central1/operations/operation-1750368643718-637f3753c1cdf-272b5ebf-ce2f61b7 {"name":"projects/broadcast-9f796/locations/us-central1/operations/operation-1750368643718-637f3753c1cdf-272b5ebf-ce2f61b7","metadata":{"@type":"type.googleapis.com/google.firebase.apphosting.v1beta.OperationMetadata","createTime":"2025-06-19T21:30:43.755818837Z","target":"projects/broadcast-9f796/locations/us-central1/backends/broadcast/builds/build-2025-06-19-001","verb":"create","requestedCancellation":false,"apiVersion":"v1beta"},"done":false}
[debug] [2025-06-19T21:31:33.307Z] [create-broadcast-9f796-us-central1-backend-broadcast-build-build-2025-06-19-001] Retrying task index 0
[debug] [2025-06-19T21:31:33.308Z] Checked if tokens are valid: true, expires at: 1750372012576
[debug] [2025-06-19T21:31:33.308Z] Checked if tokens are valid: true, expires at: 1750372012576
[debug] [2025-06-19T21:31:33.308Z] >>> [apiv2][query] GET https://firebaseapphosting.googleapis.com/v1beta/projects/broadcast-9f796/locations/us-central1/operations/operation-1750368643718-637f3753c1cdf-272b5ebf-ce2f61b7 [none]
[debug] [2025-06-19T21:31:34.255Z] <<< [apiv2][status] GET https://firebaseapphosting.googleapis.com/v1beta/projects/broadcast-9f796/locations/us-central1/operations/operation-1750368643718-637f3753c1cdf-272b5ebf-ce2f61b7 200
[debug] [2025-06-19T21:31:34.255Z] <<< [apiv2][body] GET https://firebaseapphosting.googleapis.com/v1beta/projects/broadcast-9f796/locations/us-central1/operations/operation-1750368643718-637f3753c1cdf-272b5ebf-ce2f61b7 {"name":"projects/broadcast-9f796/locations/us-central1/operations/operation-1750368643718-637f3753c1cdf-272b5ebf-ce2f61b7","metadata":{"@type":"type.googleapis.com/google.firebase.apphosting.v1beta.OperationMetadata","createTime":"2025-06-19T21:30:43.755818837Z","target":"projects/broadcast-9f796/locations/us-central1/backends/broadcast/builds/build-2025-06-19-001","verb":"create","requestedCancellation":false,"apiVersion":"v1beta"},"done":false}
[debug] [2025-06-19T21:31:44.260Z] [create-broadcast-9f796-us-central1-backend-broadcast-build-build-2025-06-19-001] Retrying task index 0
[debug] [2025-06-19T21:31:44.261Z] Checked if tokens are valid: true, expires at: 1750372012576
[debug] [2025-06-19T21:31:44.261Z] Checked if tokens are valid: true, expires at: 1750372012576
[debug] [2025-06-19T21:31:44.261Z] >>> [apiv2][query] GET https://firebaseapphosting.googleapis.com/v1beta/projects/broadcast-9f796/locations/us-central1/operations/operation-1750368643718-637f3753c1cdf-272b5ebf-ce2f61b7 [none]
[debug] [2025-06-19T21:31:45.216Z] <<< [apiv2][status] GET https://firebaseapphosting.googleapis.com/v1beta/projects/broadcast-9f796/locations/us-central1/operations/operation-1750368643718-637f3753c1cdf-272b5ebf-ce2f61b7 200
[debug] [2025-06-19T21:31:45.216Z] <<< [apiv2][body] GET https://firebaseapphosting.googleapis.com/v1beta/projects/broadcast-9f796/locations/us-central1/operations/operation-1750368643718-637f3753c1cdf-272b5ebf-ce2f61b7 {"name":"projects/broadcast-9f796/locations/us-central1/operations/operation-1750368643718-637f3753c1cdf-272b5ebf-ce2f61b7","metadata":{"@type":"type.googleapis.com/google.firebase.apphosting.v1beta.OperationMetadata","createTime":"2025-06-19T21:30:43.755818837Z","target":"projects/broadcast-9f796/locations/us-central1/backends/broadcast/builds/build-2025-06-19-001","verb":"create","requestedCancellation":false,"apiVersion":"v1beta"},"done":false}
[debug] [2025-06-19T21:31:55.219Z] [create-broadcast-9f796-us-central1-backend-broadcast-build-build-2025-06-19-001] Retrying task index 0
[debug] [2025-06-19T21:31:55.219Z] Checked if tokens are valid: true, expires at: 1750372012576
[debug] [2025-06-19T21:31:55.219Z] Checked if tokens are valid: true, expires at: 1750372012576
[debug] [2025-06-19T21:31:55.220Z] >>> [apiv2][query] GET https://firebaseapphosting.googleapis.com/v1beta/projects/broadcast-9f796/locations/us-central1/operations/operation-1750368643718-637f3753c1cdf-272b5ebf-ce2f61b7 [none]
[debug] [2025-06-19T21:31:56.197Z] <<< [apiv2][status] GET https://firebaseapphosting.googleapis.com/v1beta/projects/broadcast-9f796/locations/us-central1/operations/operation-1750368643718-637f3753c1cdf-272b5ebf-ce2f61b7 200
[debug] [2025-06-19T21:31:56.197Z] <<< [apiv2][body] GET https://firebaseapphosting.googleapis.com/v1beta/projects/broadcast-9f796/locations/us-central1/operations/operation-1750368643718-637f3753c1cdf-272b5ebf-ce2f61b7 {"name":"projects/broadcast-9f796/locations/us-central1/operations/operation-1750368643718-637f3753c1cdf-272b5ebf-ce2f61b7","metadata":{"@type":"type.googleapis.com/google.firebase.apphosting.v1beta.OperationMetadata","createTime":"2025-06-19T21:30:43.755818837Z","target":"projects/broadcast-9f796/locations/us-central1/backends/broadcast/builds/build-2025-06-19-001","verb":"create","requestedCancellation":false,"apiVersion":"v1beta"},"done":false}
[debug] [2025-06-19T21:32:06.204Z] [create-broadcast-9f796-us-central1-backend-broadcast-build-build-2025-06-19-001] Retrying task index 0
[debug] [2025-06-19T21:32:06.205Z] Checked if tokens are valid: true, expires at: 1750372012576
[debug] [2025-06-19T21:32:06.205Z] Checked if tokens are valid: true, expires at: 1750372012576
[debug] [2025-06-19T21:32:06.205Z] >>> [apiv2][query] GET https://firebaseapphosting.googleapis.com/v1beta/projects/broadcast-9f796/locations/us-central1/operations/operation-1750368643718-637f3753c1cdf-272b5ebf-ce2f61b7 [none]
[debug] [2025-06-19T21:32:07.169Z] <<< [apiv2][status] GET https://firebaseapphosting.googleapis.com/v1beta/projects/broadcast-9f796/locations/us-central1/operations/operation-1750368643718-637f3753c1cdf-272b5ebf-ce2f61b7 200
[debug] [2025-06-19T21:32:07.169Z] <<< [apiv2][body] GET https://firebaseapphosting.googleapis.com/v1beta/projects/broadcast-9f796/locations/us-central1/operations/operation-1750368643718-637f3753c1cdf-272b5ebf-ce2f61b7 {"name":"projects/broadcast-9f796/locations/us-central1/operations/operation-1750368643718-637f3753c1cdf-272b5ebf-ce2f61b7","metadata":{"@type":"type.googleapis.com/google.firebase.apphosting.v1beta.OperationMetadata","createTime":"2025-06-19T21:30:43.755818837Z","target":"projects/broadcast-9f796/locations/us-central1/backends/broadcast/builds/build-2025-06-19-001","verb":"create","requestedCancellation":false,"apiVersion":"v1beta"},"done":false}
[debug] [2025-06-19T21:32:17.184Z] [create-broadcast-9f796-us-central1-backend-broadcast-build-build-2025-06-19-001] Retrying task index 0
[debug] [2025-06-19T21:32:17.185Z] Checked if tokens are valid: true, expires at: 1750372012576
[debug] [2025-06-19T21:32:17.185Z] Checked if tokens are valid: true, expires at: 1750372012576
[debug] [2025-06-19T21:32:17.185Z] >>> [apiv2][query] GET https://firebaseapphosting.googleapis.com/v1beta/projects/broadcast-9f796/locations/us-central1/operations/operation-1750368643718-637f3753c1cdf-272b5ebf-ce2f61b7 [none]
[debug] [2025-06-19T21:32:18.140Z] <<< [apiv2][status] GET https://firebaseapphosting.googleapis.com/v1beta/projects/broadcast-9f796/locations/us-central1/operations/operation-1750368643718-637f3753c1cdf-272b5ebf-ce2f61b7 200
[debug] [2025-06-19T21:32:18.140Z] <<< [apiv2][body] GET https://firebaseapphosting.googleapis.com/v1beta/projects/broadcast-9f796/locations/us-central1/operations/operation-1750368643718-637f3753c1cdf-272b5ebf-ce2f61b7 {"name":"projects/broadcast-9f796/locations/us-central1/operations/operation-1750368643718-637f3753c1cdf-272b5ebf-ce2f61b7","metadata":{"@type":"type.googleapis.com/google.firebase.apphosting.v1beta.OperationMetadata","createTime":"2025-06-19T21:30:43.755818837Z","target":"projects/broadcast-9f796/locations/us-central1/backends/broadcast/builds/build-2025-06-19-001","verb":"create","requestedCancellation":false,"apiVersion":"v1beta"},"done":false}
[debug] [2025-06-19T21:32:28.143Z] [create-broadcast-9f796-us-central1-backend-broadcast-build-build-2025-06-19-001] Retrying task index 0
[debug] [2025-06-19T21:32:28.144Z] Checked if tokens are valid: true, expires at: 1750372012576
[debug] [2025-06-19T21:32:28.144Z] Checked if tokens are valid: true, expires at: 1750372012576
[debug] [2025-06-19T21:32:28.144Z] >>> [apiv2][query] GET https://firebaseapphosting.googleapis.com/v1beta/projects/broadcast-9f796/locations/us-central1/operations/operation-1750368643718-637f3753c1cdf-272b5ebf-ce2f61b7 [none]
[debug] [2025-06-19T21:32:29.179Z] <<< [apiv2][status] GET https://firebaseapphosting.googleapis.com/v1beta/projects/broadcast-9f796/locations/us-central1/operations/operation-1750368643718-637f3753c1cdf-272b5ebf-ce2f61b7 200
[debug] [2025-06-19T21:32:29.179Z] <<< [apiv2][body] GET https://firebaseapphosting.googleapis.com/v1beta/projects/broadcast-9f796/locations/us-central1/operations/operation-1750368643718-637f3753c1cdf-272b5ebf-ce2f61b7 {"name":"projects/broadcast-9f796/locations/us-central1/operations/operation-1750368643718-637f3753c1cdf-272b5ebf-ce2f61b7","metadata":{"@type":"type.googleapis.com/google.firebase.apphosting.v1beta.OperationMetadata","createTime":"2025-06-19T21:30:43.755818837Z","target":"projects/broadcast-9f796/locations/us-central1/backends/broadcast/builds/build-2025-06-19-001","verb":"create","requestedCancellation":false,"apiVersion":"v1beta"},"done":false}
[debug] [2025-06-19T21:32:39.181Z] [create-broadcast-9f796-us-central1-backend-broadcast-build-build-2025-06-19-001] Retrying task index 0
[debug] [2025-06-19T21:32:39.181Z] Checked if tokens are valid: true, expires at: 1750372012576
[debug] [2025-06-19T21:32:39.181Z] Checked if tokens are valid: true, expires at: 1750372012576
[debug] [2025-06-19T21:32:39.181Z] >>> [apiv2][query] GET https://firebaseapphosting.googleapis.com/v1beta/projects/broadcast-9f796/locations/us-central1/operations/operation-1750368643718-637f3753c1cdf-272b5ebf-ce2f61b7 [none]
[debug] [2025-06-19T21:32:40.180Z] <<< [apiv2][status] GET https://firebaseapphosting.googleapis.com/v1beta/projects/broadcast-9f796/locations/us-central1/operations/operation-1750368643718-637f3753c1cdf-272b5ebf-ce2f61b7 200
[debug] [2025-06-19T21:32:40.180Z] <<< [apiv2][body] GET https://firebaseapphosting.googleapis.com/v1beta/projects/broadcast-9f796/locations/us-central1/operations/operation-1750368643718-637f3753c1cdf-272b5ebf-ce2f61b7 {"name":"projects/broadcast-9f796/locations/us-central1/operations/operation-1750368643718-637f3753c1cdf-272b5ebf-ce2f61b7","metadata":{"@type":"type.googleapis.com/google.firebase.apphosting.v1beta.OperationMetadata","createTime":"2025-06-19T21:30:43.755818837Z","target":"projects/broadcast-9f796/locations/us-central1/backends/broadcast/builds/build-2025-06-19-001","verb":"create","requestedCancellation":false,"apiVersion":"v1beta"},"done":false}
[debug] [2025-06-19T21:32:50.181Z] [create-broadcast-9f796-us-central1-backend-broadcast-build-build-2025-06-19-001] Retrying task index 0
[debug] [2025-06-19T21:32:50.181Z] Checked if tokens are valid: true, expires at: 1750372012576
[debug] [2025-06-19T21:32:50.182Z] Checked if tokens are valid: true, expires at: 1750372012576
[debug] [2025-06-19T21:32:50.182Z] >>> [apiv2][query] GET https://firebaseapphosting.googleapis.com/v1beta/projects/broadcast-9f796/locations/us-central1/operations/operation-1750368643718-637f3753c1cdf-272b5ebf-ce2f61b7 [none]
[debug] [2025-06-19T21:32:51.144Z] <<< [apiv2][status] GET https://firebaseapphosting.googleapis.com/v1beta/projects/broadcast-9f796/locations/us-central1/operations/operation-1750368643718-637f3753c1cdf-272b5ebf-ce2f61b7 200
[debug] [2025-06-19T21:32:51.144Z] <<< [apiv2][body] GET https://firebaseapphosting.googleapis.com/v1beta/projects/broadcast-9f796/locations/us-central1/operations/operation-1750368643718-637f3753c1cdf-272b5ebf-ce2f61b7 {"name":"projects/broadcast-9f796/locations/us-central1/operations/operation-1750368643718-637f3753c1cdf-272b5ebf-ce2f61b7","metadata":{"@type":"type.googleapis.com/google.firebase.apphosting.v1beta.OperationMetadata","createTime":"2025-06-19T21:30:43.755818837Z","target":"projects/broadcast-9f796/locations/us-central1/backends/broadcast/builds/build-2025-06-19-001","verb":"create","requestedCancellation":false,"apiVersion":"v1beta"},"done":false}
[debug] [2025-06-19T21:33:01.146Z] [create-broadcast-9f796-us-central1-backend-broadcast-build-build-2025-06-19-001] Retrying task index 0
[debug] [2025-06-19T21:33:01.146Z] Checked if tokens are valid: true, expires at: 1750372012576
[debug] [2025-06-19T21:33:01.146Z] Checked if tokens are valid: true, expires at: 1750372012576
[debug] [2025-06-19T21:33:01.146Z] >>> [apiv2][query] GET https://firebaseapphosting.googleapis.com/v1beta/projects/broadcast-9f796/locations/us-central1/operations/operation-1750368643718-637f3753c1cdf-272b5ebf-ce2f61b7 [none]
[debug] [2025-06-19T21:33:02.105Z] <<< [apiv2][status] GET https://firebaseapphosting.googleapis.com/v1beta/projects/broadcast-9f796/locations/us-central1/operations/operation-1750368643718-637f3753c1cdf-272b5ebf-ce2f61b7 200
[debug] [2025-06-19T21:33:02.105Z] <<< [apiv2][body] GET https://firebaseapphosting.googleapis.com/v1beta/projects/broadcast-9f796/locations/us-central1/operations/operation-1750368643718-637f3753c1cdf-272b5ebf-ce2f61b7 {"name":"projects/broadcast-9f796/locations/us-central1/operations/operation-1750368643718-637f3753c1cdf-272b5ebf-ce2f61b7","metadata":{"@type":"type.googleapis.com/google.firebase.apphosting.v1beta.OperationMetadata","createTime":"2025-06-19T21:30:43.755818837Z","target":"projects/broadcast-9f796/locations/us-central1/backends/broadcast/builds/build-2025-06-19-001","verb":"create","requestedCancellation":false,"apiVersion":"v1beta"},"done":false}
